This is pdfTeXk, Version 3.141592-1.40.3 (Web2C 7.5.6) (format=prv_main 2009.9.10)  10 SEP 2009 11:37
entering extended mode
 %&-line parsing enabled.
**&prv_main _region_.tex
(./_region_.tex
LaTeX2e <2005/12/01>
Babel <v3.8h> and hyphenation patterns for english, usenglishmax, dumylang, noh
yphenation, arabic, farsi, croatian, ukrainian, russian, bulgarian, czech, slov
ak, danish, dutch, finnish, basque, french, german, ngerman, ibycus, greek, mon
ogreek, ancientgreek, hungarian, italian, latin, mongolian, norsk, icelandic, i
nterlingua, turkish, coptic, romanian, welsh, serbian, slovenian, estonian, esp
eranto, uppersorbian, indonesian, polish, portuguese, spanish, catalan, galicia
n, swedish, ukenglish, pinyin, loaded.

 Xy-pic version 3.7 <1999/02/16>
 Copyright (c) 1991-1998 by Kristoffer H. Rose <krisrose@ens-lyon.fr>
 Xy-pic is free software: see the User's Guide for details.

CUSTOMISED FORMAT. Preloaded files:
        .
 article.cls    2005/09/16 v1.4f Standard LaTeX document class
  size10.clo    2005/09/16 v1.4f Standard LaTeX file (size option)
amsfonts.sty    2001/10/25 v2.2f
 amsmath.sty    2000/07/18 v2.13 AMS math features
 amstext.sty    2000/06/29 v2.01
  amsgen.sty    1999/11/30 v2.0
  amsbsy.sty    1999/11/29 v1.2d
  amsopn.sty    1999/12/14 v2.01 operator names
  amsthm.sty    2004/08/06 v2.20
enumerate.sty    1999/03/05 v3.00 enumerate extensions (DPC)
mathrsfs.sty    1996/01/01 Math RSFS package v1.0 (jk)
booktabs.sty    2005/04/14 v1.61803 publication quality tables
      xy.sty    1999/02/16 Xy-pic version 3.7
    umsa.fd    2002/01/19 v2.2g AMS font definitions
    umsb.fd    2002/01/19 v2.2g AMS font definitions
   ursfs.fd    1998/03/24 rsfs font definition file (jk)
        .
No file _region_.aux.
LaTeX Font Info:    Checking defaults for OML/cmm/m/it on input line 19.
LaTeX Font Info:    ... okay on input line 19.
LaTeX Font Info:    Checking defaults for T1/cmr/m/n on input line 19.
LaTeX Font Info:    ... okay on input line 19.
LaTeX Font Info:    Checking defaults for OT1/cmr/m/n on input line 19.
LaTeX Font Info:    ... okay on input line 19.
LaTeX Font Info:    Checking defaults for OMS/cmsy/m/n on input line 19.
LaTeX Font Info:    ... okay on input line 19.
LaTeX Font Info:    Checking defaults for OMX/cmex/m/n on input line 19.
LaTeX Font Info:    ... okay on input line 19.
LaTeX Font Info:    Checking defaults for U/cmr/m/n on input line 19.
LaTeX Font Info:    ... okay on input line 19.
(/usr/share/texmf/tex/latex/preview/preview.sty
Package: preview 2006/08/25 11.84 (AUCTeX/preview-latex)

(/usr/share/texmf/tex/latex/preview/prtightpage.def
\PreviewBorder=\dimen159
)
(/usr/share/texmf/tex/latex/preview/prauctex.def
No auxiliary output files.


\hbadness=\count119
\hfuzz=\dimen160
(/usr/share/texmf/tex/latex/preview/prauctex.cfg))
(/usr/share/texmf/tex/latex/preview/prfootnotes.def)
\pr@snippet=\count120
\pr@box=\box32
\pr@output=\toks34

Preview: Fontsize 10pt
)  !name(abelian_extensions/ext.tex) !offset(-20) 
! Preview: Snippet 1 started.
<-><->
      
l.22 \section
             {Abelian extensions of $\mathbb{Q}(i)$}
Not a real error.

Preview: Tightpage -32891 -32891 32891 32891
! Preview: Snippet 1 ended.(707788+235929x22609920).
<-><->
      
l.22 ...ion{Abelian extensions of $\mathbb{Q}(i)$}
                                                  
Not a real error.

[1

]
! Preview: Snippet 2 started.
<-><->
      
l.25 Let $
          k = \mathbb{Q}(i)$, so that $\mathfrak{o}_{k} = \mathbb{Z}[i]$.  I...

Not a real error.

! Preview: Snippet 2 ended.(491520+163840x2480852).
<-><->
      
l.25 Let $k = \mathbb{Q}(i)$
                            , so that $\mathfrak{o}_{k} = \mathbb{Z}[i]$.  I...

Not a real error.

[2]
! Preview: Snippet 3 started.
<-><->
      
l.25 Let $k = \mathbb{Q}(i)$, so that $
                                       \mathfrak{o}_{k} = \mathbb{Z}[i]$.  I...

Not a real error.

LaTeX Font Info:    Try loading font information for U+euf on input line 25.
(/usr/share/texmf-texlive/tex/latex/amsfonts/ueuf.fd
File: ueuf.fd 2002/01/19 v2.2g AMS font definitions
)
! Preview: Snippet 3 ended.(491520+163840x2543402).
<-><->
      
l.25 ...so that $\mathfrak{o}_{k} = \mathbb{Z}[i]$
                                                  .  In Section
Not a real error.

[3]

LaTeX Warning: Reference `sec:struct-ende-char-zero' on page 1 undefined on inp
ut line 26.

! Preview: Snippet 4 started.
<-><->
      
l.26 ...} we established that the elliptic curve $
                                                  E$ given by
Not a real error.

! Preview: Snippet 4 ended.(447828+0x521556).
<-><->
      
l.26 ...we established that the elliptic curve $E$
                                                   given by
Not a real error.

[4]
! Preview: Snippet 5 started.
<-><->
      
l.28 \begin{equation*}
                      
Not a real error.

! Preview: Snippet 5 ended.(693664+0x12983329).
<-><->
      
l.30 \end{equation*}
                    
Not a real error.

[5]
! Preview: Snippet 6 started.
<-><->
      
l.31 has complex multiplication by $
                                    \mathbb{Z}[i]$.  In particular, we know ...

Not a real error.

! Preview: Snippet 6 ended.(491520+163840x1026778).
<-><->
      
l.31 has complex multiplication by $\mathbb{Z}[i]$
                                                  .  In particular, we know ...

Not a real error.

[6]
! Preview: Snippet 7 started.
<-><->
      
l.31 ...hbb{Z}[i]$.  In particular, we know that $
                                                  h_{k} =
Not a real error.

! Preview: Snippet 7 ended.(455111+98303x1901526).
<-><->
      
l.32 1$
        so $j(E)$ is rational (indeed, we have $j(E) = 1728$).
Not a real error.

[7]
! Preview: Snippet 8 started.
<-><->
      
l.32 1$ so $
            j(E)$ is rational (indeed, we have $j(E) = 1728$).
Not a real error.

! Preview: Snippet 8 ended.(491520+163840x1338678).
<-><->
      
l.32 1$ so $j(E)$
                  is rational (indeed, we have $j(E) = 1728$).
Not a real error.

[8]
! Preview: Snippet 9 started.
<-><->
      
l.32 1$ so $j(E)$ is rational (indeed, we have $
                                                j(E) = 1728$).
Not a real error.

! Preview: Snippet 9 ended.(491520+163840x3523208).
<-><->
      
l.32 ...is rational (indeed, we have $j(E) = 1728$
                                                  ).
Not a real error.

[9]
! Preview: Snippet 10 started.
<-><->
      
l.34 Consider the group $
                         E[2]$ of $2$-torsion points of $E$.  Recall that a ...

Not a real error.

! Preview: Snippet 10 ended.(491520+163840x1213327).
<-><->
      
l.34 Consider the group $E[2]$
                               of $2$-torsion points of $E$.  Recall that a ...

Not a real error.

[10]
! Preview: Snippet 11 started.
<-><->
      
l.34 Consider the group $E[2]$ of $
                                   2$-torsion points of $E$.  Recall that a ...

Not a real error.

! Preview: Snippet 11 ended.(422343+0x327681).
<-><->
      
l.34 Consider the group $E[2]$ of $2$
                                     -torsion points of $E$.  Recall that a ...

Not a real error.

[11]
! Preview: Snippet 12 started.
<-><->
      
l.34 ...he group $E[2]$ of $2$-torsion points of $
                                                  E$.  Recall that a point $P =

Not a real error.

! Preview: Snippet 12 ended.(447828+0x521556).
<-><->
      
l.34 ... group $E[2]$ of $2$-torsion points of $E$
                                                  .  Recall that a point $P =
Not a real error.

[12]
! Preview: Snippet 13 started.
<-><->
      
l.34 ...sion points of $E$.  Recall that a point $
                                                  P =
Not a real error.

! Preview: Snippet 13 ended.(491520+163840x2905954).
<-><->
      
l.35 (x,y)$
            on $E$ has order $2$ if and only if $y = 0$.  So the $x$-co-ordi...

Not a real error.

[13]
! Preview: Snippet 14 started.
<-><->
      
l.35 (x,y)$ on $
                E$ has order $2$ if and only if $y = 0$.  So the $x$-co-ordi...

Not a real error.

! Preview: Snippet 14 ended.(447828+0x521556).
<-><->
      
l.35 (x,y)$ on $E$
                   has order $2$ if and only if $y = 0$.  So the $x$-co-ordi...

Not a real error.

[14]
! Preview: Snippet 15 started.
<-><->
      
l.35 (x,y)$ on $E$ has order $
                              2$ if and only if $y = 0$.  So the $x$-co-ordi...

Not a real error.

! Preview: Snippet 15 ended.(422343+0x327681).
<-><->
      
l.35 (x,y)$ on $E$ has order $2$
                                 if and only if $y = 0$.  So the $x$-co-ordi...

Not a real error.

[15]
! Preview: Snippet 16 started.
<-><->
      
l.35 (x,y)$ on $E$ has order $2$ if and only if $
                                                 y = 0$.  So the $x$-co-ordi...

Not a real error.

! Preview: Snippet 16 ended.(422343+127431x1546311).
<-><->
      
l.35 ...n $E$ has order $2$ if and only if $y = 0$
                                                  .  So the $x$-co-ordinates...

Not a real error.

[16]
! Preview: Snippet 17 started.
<-><->
      
l.35 ...rder $2$ if and only if $y = 0$.  So the $
                                                  x$-co-ordinates are
Not a real error.

! Preview: Snippet 17 ended.(282168+0x374556).
<-><->
      
l.35 ...er $2$ if and only if $y = 0$.  So the $x$
                                                  -co-ordinates are
Not a real error.

[17]
! Preview: Snippet 18 started.
<-><->
      
l.37 \begin{equation*}
                      
Not a real error.

! Preview: Snippet 18 ended.(693664+0x12918779).
<-><->
      
l.39 \end{equation*}
                    
Not a real error.

[18]
! Preview: Snippet 19 started.
<-><->
      
l.40 which are clearly equal to $
                                 0$, $i$ and $-i$.  In particular, the field...

Not a real error.

! Preview: Snippet 19 ended.(422343+0x327681).
<-><->
      
l.40 which are clearly equal to $0$
                                   , $i$ and $-i$.  In particular, the field...

Not a real error.

[19]
! Preview: Snippet 20 started.
<-><->
      
l.40 which are clearly equal to $0$, $
                                      i$ and $-i$.  In particular, the field...

Not a real error.

! Preview: Snippet 20 ended.(432226+0x225780).
<-><->
      
l.40 which are clearly equal to $0$, $i$
                                         and $-i$.  In particular, the field...

Not a real error.

[20]
! Preview: Snippet 21 started.
<-><->
      
l.40 which are clearly equal to $0$, $i$ and $
                                              -i$.  In particular, the field...

Not a real error.

! Preview: Snippet 21 ended.(432226+54613x735506).
<-><->
      
l.40 which are clearly equal to $0$, $i$ and $-i$
                                                 .  In particular, the field...

Not a real error.

[21]
! Preview: Snippet 22 started.
<-><->
      
l.40 ... $i$ and $-i$.  In particular, the field $
                                                  K_{2} =
Not a real error.

! Preview: Snippet 22 ended.(491520+163840x4692695).
<-><->
      
l.41 \mathbb{Q}(i)(E[2])$
                          is generated by elements contained in $\mathbb{Q}(...

Not a real error.

[22]
! Preview: Snippet 23 started.
<-><->
      
l.41 ...)$ is generated by elements contained in $
                                                  \mathbb{Q}(i)$, so that
Not a real error.

! Preview: Snippet 23 ended.(491520+163840x1245232).
<-><->
      
l.41 ...d by elements contained in $\mathbb{Q}(i)$
                                                  , so that
Not a real error.

[23]
! Preview: Snippet 24 started.
<-><->
      
l.42 $
      K_{2} = \mathbb{Q}(i)$.
Not a real error.

! Preview: Snippet 24 ended.(491520+163840x2969642).
<-><->
      
l.42 $K_{2} = \mathbb{Q}(i)$
                            .
Not a real error.

[24]
! Preview: Snippet 25 started.
<-><->
      
l.44 Now consider the group of $
                                3$-torsion points of $E$.  There are $8$ non...

Not a real error.

! Preview: Snippet 25 ended.(422343+0x327681).
<-><->
      
l.44 Now consider the group of $3$
                                  -torsion points of $E$.  There are $8$ non...

Not a real error.

[25]
! Preview: Snippet 26 started.
<-><->
      
l.44 ...sider the group of $3$-torsion points of $
                                                  E$.  There are $8$ non-tri...

Not a real error.

! Preview: Snippet 26 ended.(447828+0x521556).
<-><->
      
l.44 ...der the group of $3$-torsion points of $E$
                                                  .  There are $8$ non-trivi...

Not a real error.

[26]
! Preview: Snippet 27 started.
<-><->
      
l.44 ...of $3$-torsion points of $E$.  There are $
                                                  8$ non-trivial such
Not a real error.

! Preview: Snippet 27 ended.(422343+0x327681).
<-><->
      
l.44 ... $3$-torsion points of $E$.  There are $8$
                                                   non-trivial such
Not a real error.

[27]
! Preview: Snippet 28 started.
<-><->
      
l.45 points (since $
                     \# E[3] = 9$), whose $x$-co-ordinates are determined by...

Not a real error.

! Preview: Snippet 28 ended.(491520+163840x2960949).
<-><->
      
l.45 points (since $ \# E[3] = 9$
                                 ), whose $x$-co-ordinates are determined by...

Not a real error.

[28]
! Preview: Snippet 29 started.
<-><->
      
l.45 points (since $ \# E[3] = 9$), whose $
                                           x$-co-ordinates are determined by...

Not a real error.

! Preview: Snippet 29 ended.(282168+0x374556).
<-><->
      
l.45 points (since $ \# E[3] = 9$), whose $x$
                                             -co-ordinates are determined by...

Not a real error.

[29]
! Preview: Snippet 30 started.
<-><->
      
l.47 \begin{equation}
                     
Not a real error.

! Preview: Snippet 30 ended.(730073+0x22609920).
<-><->
      
l.50 \end{equation}
                   
Not a real error.

[30

]
! Preview: Snippet 31 started.
<-><->
      
l.51 Solving the corresponding quadratic in $
                                             u = x^{2}$ we see that the root...

Not a real error.

! Preview: Snippet 31 ended.(533465+0x1917531).
<-><->
      
l.51 ...the corresponding quadratic in $u = x^{2}$
                                                   we see that the roots of
Not a real error.

[31]

LaTeX Warning: Reference `eq:3-torsion-polynomial' on page 1 undefined on input
 line 52.

! Preview: Snippet 32 started.
<-><->
      
l.52 \eqref{eq:3-torsion-polynomial} are $
                                          \pm \alpha, \pm
Not a real error.

! Preview: Snippet 32 ended.(561594+356512x2922146).
<-><->
      
l.53 \frac{i}{\sqrt{3}\alpha}$
                              \footnote{This follows from the method of ``La...

Not a real error.

[32]
! Preview: Snippet 33 started.
<-><->
      
l.53 \frac{i}{\sqrt{3}\alpha}$\footnote
                                       {This follows from the method of ``La...

Not a real error.

! Preview: Snippet 33 ended.(533465+0x294003).
<-><->
      
l.58   here.}
             , where
Not a real error.

[33]
! Preview: Snippet 34 started.
<-><->
      
l.59 \begin{equation*}
                      
Not a real error.

! Preview: Snippet 34 ended.(1992312+0x13615124).
<-><->
      
l.61 \end{equation*}
                    
Not a real error.

[34]
! Preview: Snippet 35 started.
<-><->
      
l.62 To find the $
                  y$-co-ordinates, note that
Not a real error.

! Preview: Snippet 35 ended.(282168+127431x344824).
<-><->
      
l.62 To find the $y$
                    -co-ordinates, note that
Not a real error.

[35]
! Preview: Snippet 36 started.
<-><->
      
l.63 \begin{equation*}
                      
Not a real error.

! Preview: Snippet 36 ended.(1475177+0x15142358).
<-><->
      
l.65 \end{equation*}
                    
Not a real error.

[36]
! Preview: Snippet 37 started.
<-><->
      
l.67 \begin{equation*}
                      
Not a real error.

! Preview: Snippet 37 ended.(1749762+0x12604924).
<-><->
      
l.69 \end{equation*}
                    
Not a real error.

[37]
! Preview: Snippet 38 started.
<-><->
      
l.71 \begin{equation*}
                      
Not a real error.

! Preview: Snippet 38 ended.(1692742+0x20580773).
<-><->
      
l.75 \end{equation*}
                    
Not a real error.

[38]
! Preview: Snippet 39 started.
<-><->
      
l.77 \begin{equation*}
                      
Not a real error.

! Preview: Snippet 39 ended.(1992312+0x12878755).
<-><->
      
l.79 \end{equation*}
                    
Not a real error.

[39]
! Preview: Snippet 40 started.
<-><->
      
l.80 We claim that $
                    K_{3} = \mathbb{Q}(i)(E[3]) = \mathbb{Q}(i,\beta)$, i.e....

Not a real error.

! Preview: Snippet 40 ended.(491520+163840x7508278).
<-><->
      
l.80 ...\mathbb{Q}(i)(E[3]) = \mathbb{Q}(i,\beta)$
                                                  , i.e. the
Not a real error.

[40]
! Preview: Snippet 41 started.
<-><->
      
l.81 co-ordinates of the points in $
                                    E[3]$ can be described by rational funct...

Not a real error.

! Preview: Snippet 41 ended.(491520+163840x1213327).
<-><->
      
l.81 co-ordinates of the points in $E[3]$
                                          can be described by rational funct...

Not a real error.

[41]
! Preview: Snippet 42 started.
<-><->
      
l.81 ...an be described by rational functions of $
                                                  i$
Not a real error.

! Preview: Snippet 42 ended.(432226+0x225780).
<-><->
      
l.81 ... be described by rational functions of $i$
                                                  
Not a real error.

[42]
! Preview: Snippet 43 started.
<-><->
      
l.82 and $
          \beta$. Indeed, we have
Not a real error.

! Preview: Snippet 43 ended.(455111+127431x405276).
<-><->
      
l.82 and $\beta$
                . Indeed, we have
Not a real error.

[43]
! Preview: Snippet 44 started.
<-><->
      
l.83 \begin{align}
                  
Not a real error.

! Preview: Snippet 44 ended.(3052565+0x22609920).
<-><->
      
l.86 \end{align}
                
Not a real error.

[44


]

LaTeX Warning: Reference `eq:beta-powers-2' on page 1 undefined on input line 8
7.

! Preview: Snippet 45 started.
<-><->
      
l.87 so \eqref{eq:beta-powers-2} shows that $
                                             \sqrt{3}$ belongs to $\mathbb{Q...

Not a real error.

! Preview: Snippet 45 ended.(594554+87018x873816).
<-><->
      
l.87 ...ef{eq:beta-powers-2} shows that $\sqrt{3}$
                                                   belongs to $\mathbb{Q}(i,...

Not a real error.

[45]
! Preview: Snippet 46 started.
<-><->
      
l.87 ...wers-2} shows that $\sqrt{3}$ belongs to $
                                                  \mathbb{Q}(i,\beta)$,
Not a real error.

! Preview: Snippet 46 ended.(491520+163840x1941777).
<-><->
      
l.87 ...\sqrt{3}$ belongs to $\mathbb{Q}(i,\beta)$
                                                  ,
Not a real error.

[46]

LaTeX Warning: Reference `eq:beta-powers-1' on page 1 undefined on input line 8
8.

! Preview: Snippet 47 started.
<-><->
      
l.88 ...ith \eqref{eq:beta-powers-1}) shows that $
                                                  \alpha$ is also in
Not a real error.

! Preview: Snippet 47 ended.(282168+0x421661).
<-><->
      
l.88 ...ref{eq:beta-powers-1}) shows that $\alpha$
                                                   is also in
Not a real error.

[47]
! Preview: Snippet 48 started.
<-><->
      
l.89 $
      \mathbb{Q}(i,\beta)$, as required.
Not a real error.

! Preview: Snippet 48 ended.(491520+163840x1941777).
<-><->
      
l.89 $\mathbb{Q}(i,\beta)$
                          , as required.
Not a real error.

[48]
! Preview: Snippet 49 started.
<-><->
      
l.91 Now, the minimal polynomial for $
                                      \beta$ over $\mathbb{Q}(i)$ is
Not a real error.

! Preview: Snippet 49 ended.(455111+127431x405276).
<-><->
      
l.91 Now, the minimal polynomial for $\beta$
                                             over $\mathbb{Q}(i)$ is
Not a real error.

[49]
! Preview: Snippet 50 started.
<-><->
      
l.91 ... the minimal polynomial for $\beta$ over $
                                                  \mathbb{Q}(i)$ is
Not a real error.

! Preview: Snippet 50 ended.(491520+163840x1245232).
<-><->
      
l.91 ...olynomial for $\beta$ over $\mathbb{Q}(i)$
                                                   is
Not a real error.

[50]
! Preview: Snippet 51 started.
<-><->
      
l.92 \begin{equation}
                     
Not a real error.

! Preview: Snippet 51 ended.(1315244+0x22609920).
<-><->
      
l.95 \end{equation}
                   
Not a real error.

[51

]
! Preview: Snippet 52 started.
<-><->
      
l.96 so that $
              [K_{3} : \mathbb{Q}(i) ] = 8$.  Since \eqref{eq:min-poly-beta}...

Not a real error.

! Preview: Snippet 52 ended.(491520+163840x4207538).
<-><->
      
l.96 so that $[K_{3} : \mathbb{Q}(i) ] = 8$
                                           .  Since \eqref{eq:min-poly-beta}...

Not a real error.

[52]

LaTeX Warning: Reference `eq:min-poly-beta' on page 1 undefined on input line 9
6.


LaTeX Warning: Reference `eq:3-torsion-polynomial' on page 1 undefined on input
 line 98.


LaTeX Warning: Reference `eq:min-poly-beta' on page 1 undefined on input line 9
9.

! Preview: Snippet 53 started.
<-><->
      
l.100 \begin{equation*}
                       
Not a real error.

! Preview: Snippet 53 ended.(652887+0x13981513).
<-><->
      
l.102 \end{equation*}
                     
Not a real error.

[53]
! Preview: Snippet 54 started.
<-><->
      
l.104 \begin{equation*}
                       
Not a real error.

! Preview: Snippet 54 ended.(652887+0x11945414).
<-><->
      
l.106 \end{equation*}
                     
Not a real error.

[54]  !name(../main.tex) !offset(-76) 

LaTeX Warning: There were undefined references.

 ) 
Here is how much of TeX's memory you used:
 223 strings out of 90770
 3091 string characters out of 1125735
 128924 words of memory out of 1500000
 6741 multiletter control sequences out of 10000+50000
 15396 words of font info for 65 fonts, out of 1200000 for 2000
 645 hyphenation exceptions out of 8191
 24i,11n,22p,183b,190s stack positions out of 5000i,500n,6000p,200000b,5000s

Output written on _region_.dvi (54 pages, 10040 bytes).
